<?xml version="1.0" encoding="UTF-8"?>
<testsuite xmlns:xsi="http://www.w3.org/2001/XMLSchema-instance" xsi:noNamespaceSchemaLocation="https://maven.apache.org/surefire/maven-surefire-plugin/xsd/surefire-test-report.xsd" version="3.0.1" name="couryrr.github.GithubServiceTest" time="0.661" tests="4" errors="3" skipped="0" failures="0">
  <properties>
[...]
</properties>
  <testcase name="shouldMapDeleteEventData" classname="couryrr.github.GithubServiceTest" time="0.12">
    <error message="Could not resolve type id &apos;DeleteEvent&apos; as a subtype of `couryrr.github.GitHubEvent`: no such class found&#10; at [Source: REDACTED (`StreamReadFeature.INCLUDE_SOURCE_IN_LOCATION` disabled); byte offset: #UNKNOWN]" type="tools.jackson.databind.exc.InvalidTypeIdException"><![CDATA[tools.jackson.databind.exc.InvalidTypeIdException: 
Could not resolve type id 'DeleteEvent' as a subtype of `couryrr.github.GitHubEvent`: no such class found
 at [Source: REDACTED (`StreamReadFeature.INCLUDE_SOURCE_IN_LOCATION` disabled); byte offset: #UNKNOWN]
	at tools.jackson.databind.exc.InvalidTypeIdException.from(InvalidTypeIdException.java:41)
	at tools.jackson.databind.DeserializationContext.invalidTypeIdException(DeserializationContext.java:2143)
	at tools.jackson.databind.DeserializationContext.handleUnknownTypeId(DeserializationContext.java:1706)
	at tools.jackson.databind.jsontype.impl.ClassNameIdResolver._typeFromId(ClassNameIdResolver.java:89)
	at tools.jackson.databind.jsontype.impl.ClassNameIdResolver.typeFromId(ClassNameIdResolver.java:70)
	at tools.jackson.databind.jsontype.impl.TypeDeserializerBase._findDeserializer(TypeDeserializerBase.java:154)
	at tools.jackson.databind.jsontype.impl.AsPropertyTypeDeserializer._deserializeTypedForId(AsPropertyTypeDeserializer.java:119)
	at tools.jackson.databind.jsontype.impl.AsPropertyTypeDeserializer.deserializeTypedFromObject(AsPropertyTypeDeserializer.java:103)
	at tools.jackson.databind.deser.AbstractDeserializer.deserializeWithType(AbstractDeserializer.java:243)
	at tools.jackson.databind.deser.impl.TypeWrappedDeserializer.deserialize(TypeWrappedDeserializer.java:72)
	at tools.jackson.databind.deser.DeserializationContextExt.readRootValue(DeserializationContextExt.java:266)
	at tools.jackson.databind.ObjectMapper._readMapAndClose(ObjectMapper.java:2639)
	at tools.jackson.databind.ObjectMapper.readValue(ObjectMapper.java:1544)
	at couryrr.github.GithubService.map(GithubService.java:36)
	at couryrr.github.GithubServiceTest.shouldMapDeleteEventData(GithubServiceTest.java:51)
	at java.base/java.lang.reflect.Method.invoke(Method.java:565)
	at java.base/java.util.ArrayList.forEach(ArrayList.java:1612)
	at java.base/java.util.ArrayList.forEach(ArrayList.java:1612)
]]></error>
  </testcase>
  <testcase name="shouldMapPullRequestEventData" classname="couryrr.github.GithubServiceTest" time="0.003">
    <error message="Could not resolve type id &apos;PullRequestEvent&apos; as a subtype of `couryrr.github.GitHubEvent`: no such class found&#10; at [Source: REDACTED (`StreamReadFeature.INCLUDE_SOURCE_IN_LOCATION` disabled); byte offset: #UNKNOWN]" type="tools.jackson.databind.exc.InvalidTypeIdException"><![CDATA[tools.jackson.databind.exc.InvalidTypeIdException: 
Could not resolve type id 'PullRequestEvent' as a subtype of `couryrr.github.GitHubEvent`: no such class found
 at [Source: REDACTED (`StreamReadFeature.INCLUDE_SOURCE_IN_LOCATION` disabled); byte offset: #UNKNOWN]
	at tools.jackson.databind.exc.InvalidTypeIdException.from(InvalidTypeIdException.java:41)
	at tools.jackson.databind.DeserializationContext.invalidTypeIdException(DeserializationContext.java:2143)
	at tools.jackson.databind.DeserializationContext.handleUnknownTypeId(DeserializationContext.java:1706)
	at tools.jackson.databind.jsontype.impl.ClassNameIdResolver._typeFromId(ClassNameIdResolver.java:89)
	at tools.jackson.databind.jsontype.impl.ClassNameIdResolver.typeFromId(ClassNameIdResolver.java:70)
	at tools.jackson.databind.jsontype.impl.TypeDeserializerBase._findDeserializer(TypeDeserializerBase.java:154)
	at tools.jackson.databind.jsontype.impl.AsPropertyTypeDeserializer._deserializeTypedForId(AsPropertyTypeDeserializer.java:119)
	at tools.jackson.databind.jsontype.impl.AsPropertyTypeDeserializer.deserializeTypedFromObject(AsPropertyTypeDeserializer.java:103)
	at tools.jackson.databind.deser.AbstractDeserializer.deserializeWithType(AbstractDeserializer.java:243)
	at tools.jackson.databind.deser.impl.TypeWrappedDeserializer.deserialize(TypeWrappedDeserializer.java:72)
	at tools.jackson.databind.deser.DeserializationContextExt.readRootValue(DeserializationContextExt.java:266)
	at tools.jackson.databind.ObjectMapper._readMapAndClose(ObjectMapper.java:2639)
	at tools.jackson.databind.ObjectMapper.readValue(ObjectMapper.java:1544)
	at couryrr.github.GithubService.map(GithubService.java:36)
	at couryrr.github.GithubServiceTest.shouldMapPullRequestEventData(GithubServiceTest.java:116)
	at java.base/java.lang.reflect.Method.invoke(Method.java:565)
	at java.base/java.util.ArrayList.forEach(ArrayList.java:1612)
	at java.base/java.util.ArrayList.forEach(ArrayList.java:1612)
]]></error>
  </testcase>
  <testcase name="shouldMapMultipleEventData" classname="couryrr.github.GithubServiceTest" time="0.007">
    <error message="Could not resolve type id &apos;DeleteEvent&apos; as a subtype of `couryrr.github.GitHubEvent`: no such class found&#10; at [Source: REDACTED (`StreamReadFeature.INCLUDE_SOURCE_IN_LOCATION` disabled); byte offset: #UNKNOWN] (through reference chain: java.util.ArrayList[0])" type="tools.jackson.databind.exc.InvalidTypeIdException"><![CDATA[tools.jackson.databind.exc.InvalidTypeIdException: 
Could not resolve type id 'DeleteEvent' as a subtype of `couryrr.github.GitHubEvent`: no such class found
 at [Source: REDACTED (`StreamReadFeature.INCLUDE_SOURCE_IN_LOCATION` disabled); byte offset: #UNKNOWN] (through reference chain: java.util.ArrayList[0])
	at tools.jackson.databind.exc.InvalidTypeIdException.from(InvalidTypeIdException.java:41)
	at tools.jackson.databind.DeserializationContext.invalidTypeIdException(DeserializationContext.java:2143)
	at tools.jackson.databind.DeserializationContext.handleUnknownTypeId(DeserializationContext.java:1706)
	at tools.jackson.databind.jsontype.impl.ClassNameIdResolver._typeFromId(ClassNameIdResolver.java:89)
	at tools.jackson.databind.jsontype.impl.ClassNameIdResolver.typeFromId(ClassNameIdResolver.java:70)
	at tools.jackson.databind.jsontype.impl.TypeDeserializerBase._findDeserializer(TypeDeserializerBase.java:154)
	at tools.jackson.databind.jsontype.impl.AsPropertyTypeDeserializer._deserializeTypedForId(AsPropertyTypeDeserializer.java:119)
	at tools.jackson.databind.jsontype.impl.AsPropertyTypeDeserializer.deserializeTypedFromObject(AsPropertyTypeDeserializer.java:103)
	at tools.jackson.databind.deser.AbstractDeserializer.deserializeWithType(AbstractDeserializer.java:243)
	at tools.jackson.databind.deser.jdk.CollectionDeserializer._deserializeNoNullChecks(CollectionDeserializer.java:582)
	at tools.jackson.databind.deser.jdk.CollectionDeserializer._deserializeFromArray(CollectionDeserializer.java:389)
	at tools.jackson.databind.deser.jdk.CollectionDeserializer.deserialize(CollectionDeserializer.java:279)
	at tools.jackson.databind.deser.jdk.CollectionDeserializer.deserialize(CollectionDeserializer.java:30)
	at tools.jackson.databind.deser.DeserializationContextExt.readRootValue(DeserializationContextExt.java:266)
	at tools.jackson.databind.ObjectReader._bindAndClose(ObjectReader.java:1888)
	at tools.jackson.databind.ObjectReader.readValue(ObjectReader.java:1304)
	at couryrr.github.GitHubEvent.fromJson(GitHubEvent.java:13)
	at couryrr.github.GithubServiceTest.shouldMapMultipleEventData(GithubServiceTest.java:205)
	at java.base/java.lang.reflect.Method.invoke(Method.java:565)
	at java.base/java.util.ArrayList.forEach(ArrayList.java:1612)
	at java.base/java.util.ArrayList.forEach(ArrayList.java:1612)
]]></error>
  </testcase>
  <testcase name="shouldFetchData" classname="couryrr.github.GithubServiceTest" time="0.513"/>
</testsuite>